<?xml version="1.0" encoding="UTF-8"?>
<!-- Generated by org.testng.reporters.JUnitReportReporter -->
<testsuite hostname="HARIKRISHNA" failures="0" tests="1" name="Dashboard.tables" time="11.864" errors="0" timestamp="2023-02-23T16:01:00 IST" skipped="0">
  <testcase classname="Dashboard.tables" name="Tables" time="11.864"/>
  <system-out/>
</testsuite> <!-- Dashboard.tables -->
