<?xml version="1.0" encoding="UTF-8"?>
<!-- Generated by org.testng.reporters.JUnitReportReporter -->
<testsuite hostname="LAPTOP-UBMQF7FC" failures="0" tests="1" name="com.mohs10.Report.PDFReportTest" time="1.548" errors="0" timestamp="2023-01-19T11:53:08 IST" skipped="0">
  <testcase classname="com.mohs10.Report.PDFReportTest" name="PDFreports" time="1.548"/>
  <system-out/>
</testsuite> <!-- com.mohs10.Report.PDFReportTest -->
