<?xml version="1.0" encoding="UTF-8"?>
<!-- Generated by org.testng.reporters.JUnitReportReporter -->
<testsuite hostname="LAPTOP-UBMQF7FC" failures="0" tests="1" name="com.mohs10.database_testing.User_info" time="0.631" errors="0" timestamp="2023-01-13T14:32:07 IST" skipped="0">
  <testcase classname="com.mohs10.database_testing.User_info" name="testDB" time="0.631"/>
  <system-out/>
</testsuite> <!-- com.mohs10.database_testing.User_info -->
