<?xml version="1.0" encoding="UTF-8"?>
<!-- Generated by org.testng.reporters.JUnitReportReporter -->
<testsuite hostname="HARIKRISHNA" failures="0" tests="1" name="Dashboard.tables" time="12.055" errors="0" timestamp="2023-02-23T15:28:35 IST" skipped="0">
  <testcase classname="Dashboard.tables" name="Tables" time="12.055"/>
  <system-out/>
</testsuite> <!-- Dashboard.tables -->
